<?xml version="1.0" encoding="UTF-8"?>
<!-- Generated by org.testng.reporters.JUnitXMLReporter -->
<testsuite ignored="0" hostname="LAPTOP-086R0F2E" failures="0" tests="3" name="Default test" time="1.064" errors="0" timestamp="2021-02-04T23:45:23 IST">
  <testcase classname="DataDriventesting.NewTest" name="LaunchBrowser" time="0.011"/>
  <testcase classname="DataDriventesting.NewTest" name="navigatetogmailpage" time="0.002"/>
  <testcase classname="DataDriventesting.NewTest" name="EnterIdandPassword" time="0.0">
    <skipped/>
  </testcase> <!-- EnterIdandPassword -->
</testsuite> <!-- Default test -->
