<?xml version="1.0" encoding="UTF-8"?>
<!-- Generated by org.testng.reporters.JUnitXMLReporter -->
<testsuite ignored="5" hostname="LAPTOP-086R0F2E" failures="0" tests="0" time="0.009" errors="0" timestamp="2021-01-03T11:02:42 IST">
  <testcase classname="testNg.testNgclass" name="typeontextbox" time="0.0">
    <ignored/>
  </testcase> <!-- typeontextbox -->
  <testcase classname="testNg.testNgclass" name="mobileTest" time="0.0">
    <ignored/>
  </testcase> <!-- mobileTest -->
  <testcase classname="testNg.testNgclass" name="opentheurl" time="0.0">
    <ignored/>
  </testcase> <!-- opentheurl -->
  <testcase classname="testNg.testNgclass" name="clickonelement" time="0.0">
    <ignored/>
  </testcase> <!-- clickonelement -->
  <testcase classname="testNg.testNgclass" name="launchthebrowser" time="0.0">
    <ignored/>
  </testcase> <!-- launchthebrowser -->
</testsuite>
