<?xml version="1.0" encoding="UTF-8"?>
<!-- Generated by org.testng.reporters.JUnitXMLReporter -->
<testsuite ignored="1" hostname="LAPTOP-086R0F2E" failures="0" tests="1" name="seleniumtresting" time="0.013" errors="0" timestamp="2021-01-03T11:02:43 IST">
  <testcase classname="testNg.seleniumclass" name="selenium1sttest" time="0.004"/>
  <testcase classname="testNg.seleniumclass" name="selenium2ndTest" time="0.0">
    <ignored/>
  </testcase> <!-- selenium2ndTest -->
</testsuite> <!-- seleniumtresting -->
